<?xml version="1.0" encoding="UTF-8" ?>
<testsuite failures="0" time="0.013" errors="0" skipped="0" tests="3" name="com.betterprogrammer.test.BetterProgrammerTask1Test">
  <properties>
[...]
</properties>
  <testcase time="0.013" classname="com.betterprogrammer.test.BetterProgrammerTask1Test" name="testCountWords1"/>
  <testcase time="0" classname="com.betterprogrammer.test.BetterProgrammerTask1Test" name="testCountWords2"/>
  <testcase time="0" classname="com.betterprogrammer.test.BetterProgrammerTask1Test" name="testCountWords3"/>
</testsuite>